..............................................................................
..............................................................................
..............................................................................
..............................................................................
..............................................................................
.x............................................................................
..x...........................................................................
x..xx.........................................................................
.x...x........................................................................
..xx..........................................................................
....x.xxxx....................................................................
..........x...................................................................
.....xxxx.....................................................................
.........x....................................................................
..............................................................................
..............................................................................
..............................................................................
..............................................................................
..............................................................................
..............................................................................
...........xxx................................................................
..............................................................................
..........xxx.x...............................................................
..............................................................................
.............x................................................................
..............................................................................
...............xx.............................................................
..............................................................................
..............xx..............................................................
.................x............................................................
..............................................................................
................x.x...........................................................
...................x..........................................................
.................x..xxx.......................................................
..................x...........................................................
...................xxx.x......................................................
..............................................................................
......................x.x.....................................................
.........................xx...................................................
.......................x...x..................................................
........................xx....................................................
..........................x.xxxx..............................................
..............................................................................
...........................xxxx...............................................
..............................................................................
..............................................................................
................................xx............................................
..............................................................................
...............................xx.............................................
..................................x...........................................
...................................xxx........................................
.................................x....xxxx....................................
..................................xxx.........................................
.....................................xxxx.....................................
..........................................x...................................
...........................................xx.................................
.........................................x....................................
..........................................xx.x................................
..............................................x...............................
............................................x.................................
.............................................x.x..............................
..............................................................................
..............................................x...............................
..............................................................................
..............................................................................
................................................x.............................
..............................................................................
...............................................x.xxxxxx.......................
..............................................................................
................................................xxxxxx.x......................
........................................................xxx...................
......................................................x.......................
.......................................................xxx....................
..............................................................................
...........................................................xxx................
..............................................................................
..........................................................xxx.................
..............................................................xxxxx...........
..............................................................................
.............................................................xxxxx.x..........
..............................................................................
..................................................................x.x.........
.....................................................................x........
...................................................................x..x.......
....................................................................x..xx.....
.....................................................................x........
......................................................................xx.x....
..............................................................................
........................................................................x.xxx.
..............................................................................
.........................................................................xxx..
.............................................................................x
..............................................................................
