...................................................................................................
..#.#.###.###.#.....#.xx##.##..###..##.##........#xx##x.#...##.#.......#..#...#.....#.....xxxxxxxx.
...#.##..###........##......##...##.....#.###...#......#.##..##.#...#..##...##.###.#..#..#.........
.##......###..#x#xxx#........#.#....##...#.###..##.........#........#..##.#.#....#.###.#x.....#....
..#...###....##.......#..#.##..#...##.####....#..#...##.......#....#..#...#.#..###...#.#...#....#..
.#.####....##........##...##...#.#.##......#......#...##...###..#....#..#.#..#..#.......#..#.......
#...##........#......##.#......#####......##.#...#.#...##.#....#...####...#.#.##.#...##...#.##.#...
###.#..##..##.#...#..#....#.#.#..####..#.#..#.#x#..#...##...#..#...#..#..#...#.#.##...#..#..###.#..
##....#..###......#...###.........##.....#....#..###...##....#.#.##.#......#.#...#....##..#.#..#.#.
###.#.#....##.#..........#..#..#.#...#....#..........#.....#.#.##.......#..##.##.#..#...##.........
..###..........#.#....#..##..##....#.##.#...###..###.#.#.#.#.#..####..#.#..#...#...###......#....#.
#.#....#.#....#..#.##.#..#....................##.....###....##..##..###..#.#.....#...##..#....#....
#.#.##..####.....#.......####.....#..#...........##.####..#...#....##.....#.....##..#.#.#...#.##.#.
...####.......#..........#.##..#..#......#..##.#.#...##...#.....#....#....#.#..###....####..##.###.
.#..#.#.....#....#.##......##.#..##.##....#.#...#..#..#......#..#####...........#..##..#...##..#.#.
.#................#.###....##..#.###.##.#..#.#.#.....#.#....##....#.#..##...#....#..#....##..#.....
##.#.#.##..........#.....#....##..##....##.....#..#..##....#.....#.#..#....#..#..#.##......#.##....
..##..........#.#...#......##.........##......#.#..#..#.....#.##...#.#.#.....##..#.#....#.....####.
..##.#.#..#.##.##..#.....#.###.....###.##...#.##...#......#.##.......##.#.##.####...#....###.....#.
.#####.##..#.......#..##.#.....#..#....#..........#..#.#..##.#.###..#....####.###...##..#...##..##.
..#..#........#..#.#..#..#.##.#.#.#......#...#......#.....#..##..###....##....#.##.......###.#...#.
#..#...##....#....#.#....#..##..##........#..#...##...#..#...##.#.##......#.##..##..#.####.....###.
#...#................#.#..#.....#...#..##.##....###...##...#...#.#...##.....#..#.....#...#.....###.
###.#..##.....#####..#...#...#..#.......###.#.#.#.##.#..##.........#.#...#.#...#.#...#.#....#..#...
#.#.......#..#.##...#..#......#...#.#....#.#.#...#.#......#.#..######.#.....##....#.#..##.#..#...#.
..#.....###..#..#.#........#.#....###.......#................###....#...........####.#.##......#...
#..#......#....#.#..............##.....###....##....#.......#.##.#.##.....#..#..#.####...##.#..##..
##...##.....##...#...#.#...##.#.##.#.......#..##....##.#..........#..#..##.#..#...#####....##......
.#.##.....###..#..##.###..##.......#......##...##.....##..####...#.#..###.....#..#.#.#..#.#......#.
...#....#.##.......#.....###..#####.##..##..#.......#..#..#.##.#.##.##....##...##.......##..#..###.
..#..#....##...#....#.#.#.........#......####.#..#....###......###..##.##.....#...##...#..#....#...
.#..#....#..#.#..##.#.#...##.###..###.#...#..#..#.#.##.#....##..##.#.#.##...#.#..###......#...#....
...#.##.....#..#..#...##.##....##..##...#.....###......#...........###...##....###......#..#..#....
....#.###.#..#.#....#.#....###....####..####....#....##.......###.#...#..#..#...#.#.#.#.......#..#.
#....####.##.#..#....#..#..#...........##..#..##...##..#.#.##......##..#.#.#..#..##....#..#.####...
.#..##.##......#.##.......##....#.#.#.#....#.#.##...#..#...#...#..#.......#......#.#.....#.#.......
#...#..#....####.##..#......#........#...#................#....#.#.#......#....##..###.#...###..#..
#..##..#...#.#...#.....###..###..###.#........####..#.#.....#.#....#..#.#......##......####..##.##.
..##.#.#..#.....#..#.#....#.##..#.......#..#.#....#...#..#........#..#.#...#...#.##.#.......#.###..
#......#...............#...##...#........#...#.....##.#..#.##.#.#........###.#....#..........#..##.
.#...##..#.#.#.......#...###...##....#.#...#.##.....#..#...###.....#......##.##........#..#.#......
.#..#........#....###.#...#...##....##...#......##...#..#.#.##.##.#.#...#.#...#.......#.......#....
.#....###..........#..........#..#..#.##.##...###.....#.#....#.##..#..#....#...#............##...#.
..##...#.....#..#.##..##.#...####...###.....#..#.#.#.#..#.##..#.#.#.....#.#.........#..#..#.##.....
.#................##.#......#.....#....##.#.#.##.#...###.#.#.##...####.###....#.#..#....#.#.....#..
##.......#.#.....#..#..#.#............#.#......#..#.###....#....#.##..#.#####..##.........#....#.#.
....#......#.#...#....#..##.#...#..##.#.......#..#......#.##..#..#..#.#.#..##....#...#.##.....#.#..
..#..#...#.##.#.....#.#..#...##.##.#.#.#...###.#..##......#........#..#...........#.....#....#..#..
.###.###....#.##.#......###..#.........###..####.....#.....#.....##...#..###.....#..##.....##...#..
.#..##..##.#.#..........##...##.##.##.........##.#..#...................#..###.##...#.....#........
#.###....#...#.#.......#.##..#...#......#..#.........#.........##..#.#...##..##...#..##..#.#..##...
..#.....##....##.##.##...##.##.#.#...#....#..#.....###..#.#..##..####..#.....#.###..#............#.
#...#..#..###........#..#...#.##.#.......##.#..#...#.#..##...#..###..#.#...##..........#.....#...#.
.#.....##..##.#....#..#.#...#...####..#..#........##...#....##....#...#..##.#..#...##....#..#..#.#.
##.#.#..#.....##.#..#..#.....#.#.#..###...#....#....#.......######...#.##.###..#..#.#.#............
#...#..#....#.#.#.#..#.#....#......##...#........###.#..#.....#..##.#.##....#....#..#...##....#....
#....#...#....##.#..#.#..##...#.......#..#.#......#...#.##.#......#####...#....#.#......#....###...
##.#....#.....#.....#...#..#.#.#....#....#..##......#......#...........#.#.#.#........#.....#...##.
..#..##...#......#.#.....#....#....##..#....#.#...#......#.........#......#.......##...#.......##..
#..........#..##......#..#.#......#..##.##..#...#.#.#.#......##.##.##.....#...##.#.#.#.#...#..#..#.
.##.#...###...##.......####...###............#.##.####..##......#....#..##.##...#.....##.#...###.#.
...........#...#.#..#...#..##...#.#.##......#.##.##......##.#.....#.#.##..####..#.###....#.####..#.
.###..##...#...#....#..#.....##..#.......###.#...#..###....#....#....###...#.#.#.#...#....###.###..
#...#.......#.......#..#..#.....#.##..###..#.#..##..#.#.##......#.#.#.#..##.#...##....#..#..#.##.#.
.####...#...#.###.....##.####....##....##.......#..##..#..#..#####.........#....#....###..#.#..#.#.
##..#...#..####..#..#.##....#.#.#.#...#.#.#..##.#.#........#.......#..#.#.##...##..#..#.....#......
#.#........###.#..#..#.#.#.##.#.#..#.#...#.......###..#.....#........#.#..##.......#.##..#....##.#.
.#..####....##...#.....##.#...#..#.#......#....#.....##..#.##.....##.#....#..#...#..##.##.##.#.###.
..#.#..#..##.....#...#....#.#..##.....#..#..#.#.#..##..#.#....##..##.###.#####...##....#..######.#.
....#.##.##...##..#.......#..#..##.....#..#.#...#.......##....#...#..#..#.......#..####.#...#.#.#..
.#.....##..##....#..#...##.#.##........##.#......#.....#...#......##..##......#.##.#.#.#######...#.
#...####.#..###.#.#..#.##..#.....#.#...###.#...##.#..#..#..#......###.##.#..........#..#.#..###.#..
#.#.#....#.####......##.#.....#.#..##..#....#.#.....##..##.......#...##..#........#.....#####...#..
#......#..#....#.#####...##........###...#...#####....##.#..#..#......#.##...##..#.....#.#..#.#.##.
#.#..##.....#.....##..##...##..###....#......#.#..###....#.#..#.#.#...#.#.....#.#..#.#.#..#.#......
##..##..#..###..##..#.....#.##.##.#.#..#.#..#.#.....#..#.#.#..####.#...#..#.#######.#.#...#........
#............#...#....#.#.#..##.....#.#..#...........#.....#..##....#......#.#.....###..#...##.....
....#.##.#.....##.#.#..##..#...#.....###......###..#.#.....##....#.##....##.##..#...##.#....#..#...
...###....##.##...#.#..##...##.#..###..#.......##.#.#..###.####..#.#........###.#..#.#........#....
...##.....#.......##..#.#.#...#.##...##.....#.......###.....#..###..#......##....##....#.#..##..#..
....#.#.##......##..#..#.....##..##.........#......#.##..##..#..#..###..##.###...#........#.....##.
.#...#....#......#...###......###...#.#...#..#....####......#.#...#...#.##...#........#.......###..
......#.....####.#.##.##......#.....##........#.........#..#.....#..#.#...###.##.####...#....#...#.
#.#...###.#...#.......#..#.###...##.#..##.....#.....#..#.#........##..#..##.....#....##.#.....#..#.
...#....##.#...........#..#.#.#.#...#.#.....##..#.....#..###..#...#..........#.#..#.#..###.......#.
...#.#...#.##.#.#...#....#...#...#.....#.....#.#..#.##..#...###...#.#.......###........#..###.#.##.
..#....#.#.#....###.#...#..#.##.....#...#.#.#..#..#.......#..#........#..#........#......#.##.#....
#.#..###..#....##.#....#.#....##.....#.....###.....#...###..#..........#..#..#..#............###.#.
#...#.....#.#.##..#..#..#.##...#...#..#.......#..#.#......#.##..#...#...#.#.#..#.#......##...#.....
##..###....#.#......#..#...#...##.....#...#......#...##.#.#.#..#...#......#.#..#.#.###.............
.#.......##..........##...#..#......#...#.......##...#.#.#.....#...#...#..#.#..#.......#......#.#..
#..#.###.#.....###......#...##.#....###.........#...#..#.........#..##.......#.#.#..#.##......#....
#.##..#.#.#...########.......###...##..##....#.......##..##..#..#...........##.....#...#...........
#...#..#.##..#.#....#....##..#..#......#.......##..##..#.#.........#..........#.##.#..#..##.##.....
....#................#...#.##....#..#.#..#..........##..#.##.#.#.......#.##..#.......#.#.#.........
#.......#...##....##..#.#..##..#..#....#....###......#....##...##.#.....##.#.......#....####.#..#..
#...##..........###.#.#...#..........#..####.##.##..#.#...#.......##.###...#....#..#..#.....#.#.#..
.#......#....#.....##......##.##.#.....#........#.#..#......#....#.#.##.......#..##.#.###....#.#...
#..#.#..#.#.###...#..#.#..#.###......##.....#.......##.#..#..#.##.#....#.....#..#...#........#.##..
..####...##....#.#....##..#.#.#...#.#.##...###...#..#.#.#...##.......#......#....#..#...#......#...
