750
6 8
854
754
694
430
866 868
978
729
339 341
852
966
771
848
174
353 355
787
725
720 721
472
947 949
505
867
420
840 841
13
579 580
668 670
11
509
217
736
466 469
672
730
123 124
629
21
416
834 835
748
549
804
919 920
90
163 165
762 763
380
759 760
739
809
728
254
510 511
329
87
982 984
895
681 683
878
272
543 544
679
219
181
743
985 988
387
267
955
42
84 85
485
144 146
247
837 838
557
316
624 625
166
337 338
368 371
340
673 674
313
423
319
756
210
418 419
627
358
705 709
460
927 928
550
646
512 513
741
225
120
231 234
159
786
145
938
31 32
393
594
170
343 344
899
122
236 237
562 563
229
349
532
463
845
202
407 408
326
637 643
173 175
397
311
474 475
623
406
813 814
490 492
436
879 881
514
972
66 67
967 968
499
431
483
811
874
452 454
886
507
799
626
695 696
435
584
774 781
907
299
186
382 383
645
360
710 711
412
825 828
396
795 796
273 280
565
836
950
733
597
283
917
554
263 264
151 152
310 318
939
106
198 199
50
96 97
519
792
192
390 392
200 204
367
211
213
546
149
300
595 598
976
134 137
302
599 600
347
456
916 918
114 115
606
607 608
665 666
780
870
243 244
784
370
735 737
857 858
669
815
755
486
977 979
537 542
401 402
671
655
255
706
900
328
651 653
86 88
802
602
921
540
611
377
954
843
851
187
933
356
701 703
937 940
970
650
260
521 522
292
581 582
457
5
712
746
997
820
70
131 133
411
910 911
869
285 288
951
640
153 155
315
188 190
797 798
332
660 661
222
444 445
501 503
91 93
23
616
33
751 752
819
369
963
303
57 58
523 524
777
351
468
941 943
256 257
92
168 169
560
4
10 12
644
592
43
241
305
233
861 862
261
113
882 883
708
831
48
94 95
989
633 634
238 242
702
28
59 61
309
539
614
362
714 715
790
525 527
779
723
914
164
335 336
20 26
688
924
46 47
226 227
9
713
49 51
413 414
832 833
561
386 388
747
621
678
342
675 676
246 248
121
488
980 981
274
545 547
35
531
80 82
389
324 327
973 974
656
770 773
205
16
40 44
722
189
986
281
228
455 458
998
877
223 224
996 999
141
888
497
912 915
793 794
734
361
277
25
764
969
99 101
863
875
308
609 612
110
206 207
293
491
421
14
36 37
45
109
842
132
252 253
551
156 157
374
749 750
127
279
434 437
216
428 432
240
476 478
348
686 689
29
251
765 769
333
761
404
808 810
352
697 698
827
719
489
177
913
871 872
276
548 552
314
620 622
649
855
81
409 410
803
446
898 901
829
502
839
807
74
138 143
27 30
576
178
365 366
334
662 664
208
415 417
778
577 578
275
139
75
294
583 585
197
639
772
605
993 995
757
232
464 465
148
289 290
905
823
7
575
667
38
76 79
378
753 758
102 104
323
282
564 566
447 449
935
19
440
884 885
647
942
890
196
398 399
296
586 587
936
648
312
618 619
657 659
642
925
569
601 603
994
591
103
853 856
209
136
259 262
346
684 685
15 18
484 487
516
830
742
859
570
574
297 304
588
500
167
3
278
553 558
320
631 632
154
306 307
956 957
990 991
682
63
441
889
922
520
212
422 424
107
34
68 69
931
379
357
893
864
158 160
690
908
983
812
822
193
536
17
677
555
538
791
613
384 385
775
433
41
354
699 700
894 897
635 636
439
873 876
364
716 717
826
945 946
958 960
111
896
480
961 965
593
788 789
317
191 195
161 162
325
239
596
691
71 72
638
78
147 150
89
22
52 53
887
477
140
266 269
473
77
179
849
494 495
515
448
902 903
541
944
135
39
479
528 529
559
321 322
654
971
738
782 783
818 824
567
184
375 376
964
235
201
768
284
568 571
83
860
707
56
105 108
724
865
372 373
493
767
948
680
992
718
906
975
142
270 271
230
459 461
330 331
693
481 482
526
467
301
194
394 395
926
24
54 55
496 498
298
589 590
112
214 215
265
687
218 221
766
129 130
726 731
692
286
572 573
403 405
846 847
100
183 185
60
116 117
470 471
740 744
126 128
776
203
426 427
249 250
258
517 518
745
805 806
220
438 443
952 953
732
652
663
727
658
962
0 2
62
118 119
453
381
506
987
604
245
1
508
641
821
504
615 617
628 630
176
359 363
850
125
462
929 930
442
891 892
610
345 350
391
844
451
880
291 295
287
98
180 182
923
64 65
429
816 817
73
425
533
450
904 909
704
932 934
530
400
800 801
268
534 535
556
785
959
171 172
